<?xml version="1.0" encoding="UTF-8"?>
<testsuite xmlns:xsi="http://www.w3.org/2001/XMLSchema-instance" xsi:noNamespaceSchemaLocation="https://maven.apache.org/surefire/maven-surefire-plugin/xsd/surefire-test-report-3.0.xsd" version="3.0" name="it.univaq.cdvd.testgui.AuthControllerTest" time="2.386" tests="1" errors="0" skipped="0" failures="0">
  <properties>
[...]
</properties>
  <testcase name="testButtonClick" classname="it.univaq.cdvd.testgui.AuthControllerTest" time="2.333">
    <system-err><![CDATA[dic 11, 2024 5:28:24 PM com.sun.javafx.application.PlatformImpl startup
WARNING: Unsupported JavaFX configuration: classes were loaded from 'unnamed module @70beb599'
]]></system-err>
  </testcase>
</testsuite>